c:\users\alucas1\source\repos\project4\project4\x64\debug\vc143.pdb
c:\users\alucas1\source\repos\project4\project4\x64\debug\vc143.idb
c:\users\alucas1\source\repos\project4\project4\x64\debug\savingaccount.obj
c:\users\alucas1\source\repos\project4\project4\x64\debug\customer.obj
c:\users\alucas1\source\repos\project4\project4\x64\debug\account.obj
c:\users\alucas1\source\repos\project4\project4\x64\debug\main.obj
c:\users\alucas1\source\repos\project4\project4\x64\debug\checkingaccount.obj
c:\users\alucas1\source\repos\project4\project4\x64\debug\project4.ilk
c:\users\alucas1\source\repos\project4\x64\debug\project4.pdb
c:\users\alucas1\source\repos\project4\project4\x64\debug\project4.tlog\cl.command.1.tlog
c:\users\alucas1\source\repos\project4\project4\x64\debug\project4.tlog\cl.items.tlog
c:\users\alucas1\source\repos\project4\project4\x64\debug\project4.tlog\cl.read.1.tlog
c:\users\alucas1\source\repos\project4\project4\x64\debug\project4.tlog\cl.write.1.tlog
c:\users\alucas1\source\repos\project4\project4\x64\debug\project4.tlog\link.21560-cvtres.read.1.tlog
c:\users\alucas1\source\repos\project4\project4\x64\debug\project4.tlog\link.21560-cvtres.write.1.tlog
c:\users\alucas1\source\repos\project4\project4\x64\debug\project4.tlog\link.21560-rc.read.1.tlog
c:\users\alucas1\source\repos\project4\project4\x64\debug\project4.tlog\link.21560-rc.write.1.tlog
c:\users\alucas1\source\repos\project4\project4\x64\debug\project4.tlog\link.21560.read.1.tlog
c:\users\alucas1\source\repos\project4\project4\x64\debug\project4.tlog\link.21560.read.2.tlog
c:\users\alucas1\source\repos\project4\project4\x64\debug\project4.tlog\link.21560.read.3.tlog
c:\users\alucas1\source\repos\project4\project4\x64\debug\project4.tlog\link.21560.read.4.tlog
c:\users\alucas1\source\repos\project4\project4\x64\debug\project4.tlog\link.21560.write.1.tlog
c:\users\alucas1\source\repos\project4\project4\x64\debug\project4.tlog\link.command.1.tlog
c:\users\alucas1\source\repos\project4\project4\x64\debug\project4.tlog\link.read.1.tlog
c:\users\alucas1\source\repos\project4\project4\x64\debug\project4.tlog\link.secondary.1.tlog
c:\users\alucas1\source\repos\project4\project4\x64\debug\project4.tlog\link.write.1.tlog
